<?xml version="1.0" encoding="UTF-8" standalone="yes"?>
<!DOCTYPE report PUBLIC "-//JACOCO//DTD Report 1.1//EN" "report.dtd">
<report name="Sample Project Coverage Report">
  <sessioninfo id="test-session" start="1234567890" dump="1234567890"/>
  
  <package name="com/example">
    <class name="com/example/User" sourcefilename="User.java">
      <method name="&lt;init&gt;" desc="()V" line="3">
        <counter type="INSTRUCTION" missed="0" covered="3"/>
        <counter type="LINE" missed="0" covered="1"/>
        <counter type="COMPLEXITY" missed="0" covered="1"/>
        <counter type="METHOD" missed="0" covered="1"/>
      </method>
      <method name="getName" desc="()Ljava/lang/String;" line="5">
        <counter type="INSTRUCTION" missed="0" covered="3"/>
        <counter type="LINE" missed="0" covered="1"/>
        <counter type="COMPLEXITY" missed="0" covered="1"/>
        <counter type="METHOD" missed="0" covered="1"/>
      </method>
      <counter type="INSTRUCTION" missed="0" covered="6"/>
      <counter type="LINE" missed="0" covered="2"/>
      <counter type="COMPLEXITY" missed="0" covered="2"/>
      <counter type="METHOD" missed="0" covered="2"/>
      <counter type="CLASS" missed="0" covered="1"/>
    </class>
    
    <class name="com/example/UserService" sourcefilename="UserService.java">
      <method name="&lt;init&gt;" desc="()V" line="4">
        <counter type="INSTRUCTION" missed="0" covered="3"/>
        <counter type="LINE" missed="0" covered="1"/>
        <counter type="COMPLEXITY" missed="0" covered="1"/>
        <counter type="METHOD" missed="0" covered="1"/>
      </method>
      <method name="getUser" desc="()Lcom/example/User;" line="7">
        <counter type="INSTRUCTION" missed="2" covered="8"/>
        <counter type="LINE" missed="1" covered="3"/>
        <counter type="COMPLEXITY" missed="1" covered="2"/>
        <counter type="METHOD" missed="0" covered="1"/>
      </method>
      <counter type="INSTRUCTION" missed="2" covered="11"/>
      <counter type="LINE" missed="1" covered="4"/>
      <counter type="COMPLEXITY" missed="1" covered="3"/>
      <counter type="METHOD" missed="0" covered="2"/>
      <counter type="CLASS" missed="0" covered="1"/>
    </class>
    
    <class name="com/example/UserServiceImpl" sourcefilename="UserServiceImpl.java">
      <method name="&lt;init&gt;" desc="()V" line="5">
        <counter type="INSTRUCTION" missed="0" covered="3"/>
        <counter type="LINE" missed="0" covered="1"/>
        <counter type="COMPLEXITY" missed="0" covered="1"/>
        <counter type="METHOD" missed="0" covered="1"/>
      </method>
      <method name="getUser" desc="()Lcom/example/User;" line="8">
        <counter type="INSTRUCTION" missed="15" covered="5"/>
        <counter type="LINE" missed="3" covered="2"/>
        <counter type="COMPLEXITY" missed="2" covered="1"/>
        <counter type="METHOD" missed="0" covered="1"/>
      </method>
      <method name="saveUser" desc="(Lcom/example/User;)V" line="12">
        <counter type="INSTRUCTION" missed="4" covered="12"/>
        <counter type="LINE" missed="1" covered="3"/>
        <counter type="COMPLEXITY" missed="1" covered="2"/>
        <counter type="METHOD" missed="0" covered="1"/>
      </method>
      <counter type="INSTRUCTION" missed="19" covered="20"/>
      <counter type="LINE" missed="4" covered="6"/>
      <counter type="COMPLEXITY" missed="3" covered="4"/>
      <counter type="METHOD" missed="0" covered="3"/>
      <counter type="CLASS" missed="0" covered="1"/>
    </class>
    
    <class name="com/example/UserController" sourcefilename="UserController.java">
      <method name="&lt;init&gt;" desc="()V" line="6">
        <counter type="INSTRUCTION" missed="0" covered="3"/>
        <counter type="LINE" missed="0" covered="1"/>
        <counter type="COMPLEXITY" missed="0" covered="1"/>
        <counter type="METHOD" missed="0" covered="1"/>
      </method>
      <method name="index" desc="()Ljava/lang/String;" line="9">
        <counter type="INSTRUCTION" missed="0" covered="3"/>
        <counter type="LINE" missed="0" covered="1"/>
        <counter type="COMPLEXITY" missed="0" covered="1"/>
        <counter type="METHOD" missed="0" covered="1"/>
      </method>
      <counter type="INSTRUCTION" missed="0" covered="6"/>
      <counter type="LINE" missed="0" covered="2"/>
      <counter type="COMPLEXITY" missed="0" covered="2"/>
      <counter type="METHOD" missed="0" covered="2"/>
      <counter type="CLASS" missed="0" covered="1"/>
    </class>
  </package>
  
  <counter type="INSTRUCTION" missed="21" covered="43"/>
  <counter type="LINE" missed="5" covered="14"/>
  <counter type="COMPLEXITY" missed="4" covered="11"/>
  <counter type="METHOD" missed="0" covered="9"/>
  <counter type="CLASS" missed="0" covered="4"/>
</report>